SF:lib\models\task.dart
DA:7,0
DA:8,0
DA:30,0
DA:31,0
DA:32,0
DA:33,0
DA:48,0
DA:49,0
DA:53,0
DA:54,0
DA:58,0
DA:59,0
DA:61,0
DA:62,0
DA:64,0
DA:65,0
DA:67,0
DA:68,0
DA:70,0
DA:71,0
DA:75,0
DA:76,0
DA:78,0
DA:79,0
DA:81,0
DA:82,0
DA:84,0
DA:85,0
DA:87,0
DA:88,0
DA:90,0
DA:91,0
LF:32
LH:0
end_of_record
SF:lib\models\timeInfo.dart
DA:7,0
DA:8,0
DA:20,0
DA:21,0
DA:22,0
DA:23,0
DA:26,0
DA:28,0
DA:29,0
DA:30,0
DA:33,0
DA:35,0
DA:36,0
DA:37,0
DA:40,0
DA:42,0
DA:43,0
DA:44,0
DA:47,0
DA:49,0
DA:50,0
DA:52,0
DA:53,0
DA:55,0
DA:56,0
DA:58,0
DA:59,0
DA:73,2
DA:78,0
DA:79,0
DA:80,0
DA:84,0
DA:85,0
DA:86,0
DA:89,0
DA:91,0
DA:92,0
DA:93,0
DA:96,0
DA:98,0
DA:99,0
DA:100,0
DA:103,0
DA:105,0
DA:106,0
DA:107,0
DA:110,0
DA:114,1
DA:115,1
DA:117,1
DA:118,1
DA:120,1
DA:121,1
DA:123,1
DA:124,1
DA:148,2
DA:158,8
DA:159,4
DA:160,6
DA:161,0
DA:163,4
DA:169,2
DA:171,6
DA:172,6
DA:177,0
DA:178,0
DA:179,0
DA:182,0
DA:185,0
DA:186,0
DA:189,0
DA:190,0
DA:193,0
DA:194,0
DA:195,0
DA:196,0
DA:198,0
DA:203,1
DA:204,1
DA:207,1
DA:208,1
DA:211,1
DA:212,1
DA:215,0
DA:216,0
DA:219,1
DA:220,1
DA:224,0
DA:225,0
DA:226,0
DA:227,0
DA:228,0
DA:234,0
DA:236,0
DA:238,0
DA:239,0
DA:240,0
DA:241,0
DA:242,0
DA:243,0
DA:244,0
DA:245,0
DA:246,0
DA:247,0
DA:249,0
DA:250,0
DA:251,0
DA:252,0
DA:253,0
DA:256,0
DA:257,0
DA:258,0
DA:260,0
DA:261,0
DA:262,0
DA:263,0
DA:264,0
DA:266,0
DA:269,0
DA:270,0
DA:271,0
DA:272,0
DA:277,0
DA:278,0
DA:279,0
DA:280,0
DA:281,0
DA:282,0
DA:284,0
DA:288,0
DA:296,2
DA:297,2
DA:298,2
DA:299,0
DA:300,0
DA:302,2
DA:303,4
DA:304,4
DA:305,2
LF:139
LH:32
end_of_record
SF:lib\models\note.dart
DA:5,0
DA:6,0
LF:2
LH:0
end_of_record
SF:lib\utils\sharedPreference.dart
DA:5,0
DA:6,0
DA:17,3
DA:20,1
DA:21,1
DA:22,1
DA:23,0
DA:24,1
DA:25,1
DA:26,1
DA:27,0
DA:28,1
DA:29,1
DA:30,0
DA:31,0
DA:33,0
DA:38,1
DA:39,1
DA:42,1
DA:43,0
DA:44,1
DA:45,1
DA:46,1
DA:47,0
DA:48,1
DA:49,1
DA:50,0
DA:51,0
DA:53,0
DA:63,0
DA:64,0
DA:65,0
DA:74,0
DA:75,0
DA:78,0
DA:85,0
DA:87,0
DA:90,0
DA:92,0
DA:94,0
LF:40
LH:17
end_of_record
SF:lib\database\courseListRelation_db.dart
DA:9,0
DA:10,0
DA:25,1
DA:41,1
DA:42,2
DA:44,3
DA:45,2
DA:46,2
DA:47,2
DA:51,3
DA:53,2
DA:56,0
DA:57,0
DA:60,0
DA:63,0
DA:68,1
DA:69,2
DA:70,3
DA:73,1
DA:74,3
DA:75,3
DA:77,3
DA:78,0
DA:80,2
DA:83,0
DA:90,0
DA:91,0
DA:92,0
DA:95,0
DA:96,0
DA:97,0
DA:98,0
DA:100,0
DA:102,0
DA:107,1
DA:108,5
DA:110,2
DA:111,1
DA:113,1
DA:114,1
DA:115,2
DA:116,8
DA:118,2
DA:119,1
DA:120,0
DA:123,0
DA:130,0
DA:131,0
DA:133,0
DA:134,0
DA:136,0
DA:138,0
DA:140,0
DA:141,0
DA:144,0
DA:148,0
DA:155,0
DA:156,0
DA:158,0
DA:159,0
DA:160,0
DA:161,0
DA:163,0
DA:165,0
DA:166,0
DA:169,0
DA:173,0
DA:180,1
DA:181,2
DA:182,3
DA:185,4
DA:186,3
DA:187,0
DA:189,2
DA:193,0
DA:194,0
DA:195,0
DA:204,0
DA:205,0
DA:206,0
DA:209,0
DA:210,0
DA:213,0
DA:215,0
DA:217,0
DA:219,0
DA:220,0
DA:222,0
DA:225,0
DA:228,3
DA:230,1
DA:232,1
DA:233,1
LF:93
LH:37
end_of_record
SF:lib\database\courseList_db.dart
DA:15,0
DA:16,0
DA:38,1
DA:39,2
DA:41,3
DA:42,2
DA:43,2
DA:44,2
DA:45,2
DA:49,3
DA:51,2
DA:54,0
DA:55,0
DA:58,0
DA:61,0
DA:66,1
DA:67,2
DA:68,3
DA:71,1
DA:72,3
DA:73,3
DA:74,3
DA:77,3
DA:78,0
DA:80,2
DA:83,0
DA:90,0
DA:91,0
DA:93,0
DA:94,0
DA:95,0
DA:96,0
DA:97,0
DA:99,0
DA:101,0
DA:103,0
DA:104,0
DA:108,0
DA:109,0
DA:115,1
DA:116,2
DA:117,3
DA:120,1
DA:123,0
DA:127,1
DA:129,1
DA:132,1
DA:134,2
DA:136,2
DA:141,0
DA:142,0
DA:143,0
DA:145,0
DA:147,0
DA:149,0
DA:150,0
DA:151,0
DA:152,0
DA:153,0
DA:154,0
DA:156,0
DA:157,0
DA:158,0
DA:160,0
DA:163,0
DA:166,0
DA:168,0
DA:173,1
DA:174,5
DA:176,2
DA:177,1
DA:179,1
DA:180,1
DA:182,2
DA:183,4
DA:184,4
DA:185,4
DA:186,1
DA:188,2
DA:189,1
DA:190,0
DA:194,0
DA:198,1
DA:200,1
DA:201,1
DA:203,2
DA:204,2
DA:206,2
DA:209,1
DA:213,0
DA:214,0
DA:216,0
DA:217,0
DA:219,0
DA:221,0
DA:223,0
DA:225,0
DA:227,0
DA:228,0
DA:229,0
DA:232,0
DA:233,0
DA:236,0
DA:240,0
DA:247,0
DA:248,0
DA:251,0
DA:255,0
DA:257,0
DA:259,0
DA:261,0
DA:262,0
DA:266,0
DA:269,0
DA:271,0
DA:272,0
DA:275,0
DA:280,0
DA:281,0
DA:284,0
DA:288,0
DA:290,0
DA:292,0
DA:294,0
DA:296,0
DA:297,0
DA:300,0
DA:305,1
DA:306,2
DA:307,3
DA:310,4
DA:311,3
DA:312,0
DA:314,2
DA:318,0
DA:319,0
DA:320,0
DA:329,0
DA:330,0
DA:331,0
DA:334,0
DA:335,0
DA:338,0
DA:340,0
DA:342,0
DA:344,0
DA:345,0
DA:347,0
DA:350,0
DA:354,3
DA:356,1
DA:358,1
DA:359,1
LF:153
LH:57
end_of_record
SF:lib\database\courseTimeInfoRelation_db.dart
DA:10,0
DA:11,0
DA:26,1
DA:42,1
DA:43,2
DA:45,3
DA:46,2
DA:47,2
DA:48,2
DA:52,3
DA:54,2
DA:57,0
DA:58,0
DA:61,0
DA:64,0
DA:69,1
DA:70,2
DA:71,3
DA:74,1
DA:75,3
DA:76,3
DA:78,3
DA:79,0
DA:81,2
DA:84,0
DA:91,0
DA:92,0
DA:93,0
DA:96,0
DA:97,0
DA:98,0
DA:99,0
DA:101,0
DA:103,0
DA:108,1
DA:109,5
DA:111,2
DA:112,1
DA:114,1
DA:115,1
DA:116,2
DA:117,8
DA:119,2
DA:120,1
DA:121,0
DA:124,0
DA:131,0
DA:132,0
DA:134,0
DA:135,0
DA:137,0
DA:139,0
DA:141,0
DA:142,0
DA:145,0
DA:149,0
DA:156,1
DA:157,2
DA:158,3
DA:161,4
DA:162,3
DA:163,0
DA:165,2
DA:169,0
DA:170,0
DA:171,0
DA:180,0
DA:181,0
DA:182,0
DA:185,0
DA:186,0
DA:189,0
DA:191,0
DA:193,0
DA:195,0
DA:196,0
DA:198,0
DA:201,0
DA:204,3
DA:206,1
DA:208,1
DA:209,1
LF:82
LH:37
end_of_record
SF:lib\database\course_db.dart
DA:13,0
DA:14,0
DA:36,1
DA:37,2
DA:39,3
DA:40,2
DA:41,2
DA:42,2
DA:43,2
DA:44,2
DA:45,2
DA:49,3
DA:51,2
DA:54,0
DA:55,0
DA:58,0
DA:61,0
DA:66,1
DA:67,2
DA:68,3
DA:71,1
DA:72,3
DA:73,3
DA:74,3
DA:75,3
DA:76,3
DA:79,3
DA:82,1
DA:84,1
DA:86,1
DA:88,2
DA:89,1
DA:90,2
DA:93,0
DA:95,2
DA:98,0
DA:105,0
DA:106,0
DA:107,0
DA:109,0
DA:111,0
DA:113,0
DA:114,0
DA:115,0
DA:117,0
DA:118,0
DA:120,0
DA:121,0
DA:123,0
DA:126,0
DA:127,0
DA:129,0
DA:130,0
DA:131,0
DA:132,0
DA:135,0
DA:137,0
DA:142,1
DA:143,5
DA:145,1
DA:147,1
DA:149,2
DA:150,1
DA:152,1
DA:153,1
DA:155,2
DA:157,4
DA:158,1
DA:160,2
DA:161,2
DA:163,1
DA:166,2
DA:167,3
DA:169,3
DA:170,3
DA:171,3
DA:172,3
DA:176,2
DA:177,1
DA:178,0
DA:182,0
DA:183,1
DA:188,0
DA:189,0
DA:191,0
DA:192,0
DA:194,0
DA:196,0
DA:198,0
DA:199,0
DA:203,0
DA:207,0
DA:209,0
DA:211,0
DA:212,0
DA:213,0
DA:215,0
DA:218,0
DA:225,0
DA:226,0
DA:228,0
DA:229,0
DA:230,0
DA:231,0
DA:234,0
DA:236,0
DA:237,0
DA:241,0
DA:242,0
DA:248,0
DA:249,0
DA:251,0
DA:257,1
DA:258,2
DA:259,3
DA:262,4
DA:263,3
DA:264,0
DA:266,2
DA:270,0
DA:271,0
DA:272,0
DA:281,0
DA:282,0
DA:283,0
DA:286,0
DA:287,0
DA:290,0
DA:292,0
DA:294,0
DA:296,0
DA:297,0
DA:299,0
DA:302,0
DA:306,3
DA:308,1
DA:310,1
DA:311,1
LF:138
LH:61
end_of_record
SF:lib\database\database_util.dart
DA:13,0
DA:14,0
DA:15,0
DA:16,0
DA:17,0
DA:18,0
DA:19,0
DA:20,0
DA:21,0
DA:22,0
DA:23,0
DA:27,0
DA:28,0
DA:29,0
DA:30,0
DA:31,0
DA:32,0
DA:33,0
DA:34,0
DA:35,0
DA:36,0
DA:37,0
DA:38,0
DA:42,0
DA:43,0
DA:44,0
DA:45,0
DA:47,0
DA:48,0
DA:51,0
DA:53,0
DA:54,0
DA:55,0
DA:60,0
DA:65,0
DA:66,0
DA:71,0
DA:77,0
DA:78,0
LF:39
LH:0
end_of_record
SF:lib\database\timeInfo_db.dart
DA:9,0
DA:10,0
DA:33,1
DA:34,2
DA:46,3
DA:47,2
DA:48,2
DA:49,2
DA:50,2
DA:51,2
DA:52,2
DA:53,2
DA:54,2
DA:55,2
DA:56,2
DA:60,3
DA:62,2
DA:65,0
DA:66,0
DA:69,0
DA:72,0
DA:77,1
DA:78,2
DA:79,3
DA:82,1
DA:83,3
DA:84,3
DA:85,3
DA:86,3
DA:87,3
DA:88,3
DA:89,3
DA:90,3
DA:91,3
DA:93,3
DA:94,0
DA:96,2
DA:99,0
DA:106,0
DA:107,0
DA:108,0
DA:111,0
DA:112,0
DA:113,0
DA:114,0
DA:115,0
DA:116,0
DA:117,0
DA:118,0
DA:119,0
DA:120,0
DA:121,0
DA:122,0
DA:123,0
DA:124,0
DA:126,0
DA:128,0
DA:133,1
DA:134,5
DA:136,2
DA:137,1
DA:139,1
DA:140,1
DA:141,2
DA:142,1
DA:143,3
DA:144,3
DA:145,3
DA:146,3
DA:147,3
DA:148,4
DA:149,3
DA:150,3
DA:151,3
DA:152,1
DA:154,2
DA:155,1
DA:156,0
DA:160,0
DA:161,1
DA:166,0
DA:167,0
DA:169,0
DA:170,0
DA:172,0
DA:174,0
DA:176,0
DA:177,0
DA:180,0
DA:184,0
DA:187,0
DA:192,1
DA:193,2
DA:194,3
DA:197,4
DA:198,3
DA:199,0
DA:201,2
DA:205,0
DA:206,0
DA:207,0
DA:216,0
DA:217,0
DA:218,0
DA:221,0
DA:222,0
DA:225,0
DA:227,0
DA:229,0
DA:231,0
DA:232,0
DA:234,0
DA:237,0
DA:240,3
DA:242,1
DA:244,1
DA:245,1
LF:117
LH:61
end_of_record
SF:lib\models\courseList.dart
DA:7,0
DA:8,0
DA:26,1
DA:27,1
DA:31,1
DA:32,1
DA:36,0
DA:37,0
DA:38,0
DA:42,0
DA:47,1
DA:48,1
DA:49,2
DA:50,2
DA:51,0
DA:55,2
DA:59,0
DA:60,0
DA:61,0
DA:62,0
DA:67,0
DA:71,0
DA:72,0
DA:73,0
DA:74,0
DA:77,0
DA:81,1
DA:82,2
DA:83,0
DA:86,1
DA:88,1
DA:89,1
DA:91,0
DA:92,0
DA:96,1
DA:97,1
DA:99,1
DA:100,1
DA:102,1
DA:103,1
LF:40
LH:20
end_of_record
SF:lib\models\course.dart
DA:9,0
DA:10,0
DA:43,1
DA:44,1
DA:45,1
DA:46,1
DA:47,1
DA:51,0
DA:52,0
DA:53,0
DA:54,0
DA:55,0
DA:56,0
DA:60,0
DA:61,0
DA:62,0
DA:66,0
DA:71,0
DA:72,0
DA:73,0
DA:74,0
DA:75,0
DA:79,0
DA:83,0
DA:84,0
DA:85,0
DA:86,0
DA:91,0
DA:95,0
DA:96,0
DA:97,0
DA:98,0
DA:101,0
DA:105,0
DA:106,0
DA:108,0
DA:109,0
DA:111,0
DA:112,0
DA:114,0
DA:115,0
DA:117,0
DA:118,0
DA:120,0
DA:121,0
DA:125,1
DA:126,1
DA:128,1
DA:129,1
DA:131,1
DA:132,1
DA:134,1
DA:135,1
DA:137,1
DA:138,1
DA:140,1
DA:141,1
LF:57
LH:17
end_of_record
SF:lib\main.dart
DA:15,0
DA:17,0
DA:18,0
DA:21,0
DA:22,0
DA:23,0
DA:26,0
DA:28,0
DA:29,0
DA:30,0
DA:31,0
DA:32,0
DA:40,1
DA:41,0
DA:43,0
DA:45,0
DA:46,0
DA:47,0
LF:18
LH:1
end_of_record
SF:lib\pages\homePage.dart
DA:7,1
DA:9,0
DA:10,0
DA:17,0
DA:26,0
DA:27,0
DA:28,0
DA:32,0
DA:34,0
DA:35,0
DA:36,0
DA:38,0
DA:40,0
DA:41,0
DA:43,0
DA:58,0
DA:59,0
DA:60,0
LF:18
LH:1
end_of_record
SF:lib\pages\logInPage.dart
DA:4,1
DA:6,0
DA:7,0
DA:14,0
DA:16,0
DA:17,0
DA:20,0
DA:22,0
DA:24,0
DA:26,0
DA:27,0
DA:35,0
DA:36,0
DA:45,0
DA:47,0
DA:48,0
DA:49,0
DA:60,0
DA:61,0
DA:76,0
DA:77,0
DA:79,0
DA:80,0
LF:23
LH:1
end_of_record
SF:lib\providers\CourseNotifier.dart
DA:25,0
DA:27,0
DA:28,0
DA:29,0
DA:30,0
DA:31,0
DA:32,0
DA:33,0
DA:36,0
DA:37,0
DA:38,0
DA:39,0
DA:40,0
DA:43,0
DA:44,0
DA:45,0
DA:46,0
DA:47,0
DA:50,0
DA:52,0
DA:53,0
DA:71,0
DA:72,0
DA:73,0
DA:74,0
DA:75,0
DA:76,0
DA:77,0
DA:78,0
DA:82,0
DA:83,0
DA:84,0
DA:85,0
DA:86,0
DA:87,0
DA:91,0
DA:92,0
DA:93,0
DA:94,0
DA:96,0
DA:98,0
DA:100,0
DA:102,0
DA:104,0
DA:108,0
DA:109,0
DA:110,0
DA:114,0
DA:115,0
DA:116,0
DA:120,0
DA:121,0
DA:122,0
DA:125,0
DA:126,0
DA:127,0
DA:128,0
DA:131,0
DA:132,0
DA:133,0
DA:134,0
DA:137,0
DA:138,0
DA:139,0
DA:140,0
DA:143,0
DA:144,0
DA:145,0
DA:146,0
DA:149,0
DA:150,0
DA:151,0
DA:152,0
DA:155,0
DA:156,0
DA:157,0
DA:158,0
LF:77
LH:0
end_of_record
SF:lib\models\student.dart
DA:5,0
DA:6,0
DA:24,0
DA:25,0
DA:26,0
DA:27,0
DA:28,0
DA:32,0
DA:33,0
DA:35,0
DA:36,0
DA:38,0
DA:39,0
DA:41,0
DA:42,0
DA:46,0
DA:47,0
DA:49,0
DA:50,0
DA:52,0
DA:53,0
DA:55,0
DA:56,0
LF:23
LH:0
end_of_record
SF:lib\widgets\scheduleWidget.dart
DA:24,0
DA:25,0
DA:35,0
DA:39,0
DA:41,0
DA:44,0
DA:59,0
DA:61,0
DA:62,0
DA:63,0
DA:65,0
DA:66,0
DA:67,0
DA:69,0
DA:71,0
DA:72,0
DA:73,0
DA:76,0
DA:77,0
DA:78,0
DA:81,0
DA:82,0
DA:83,0
DA:84,0
DA:87,0
DA:88,0
DA:90,0
DA:91,0
DA:92,0
DA:94,0
DA:96,0
DA:97,0
DA:98,0
DA:101,0
DA:102,0
DA:103,0
DA:106,0
DA:107,0
DA:108,0
DA:109,0
DA:112,0
DA:113,0
DA:115,0
DA:116,0
DA:117,0
DA:121,0
DA:124,0
DA:130,0
DA:132,0
DA:133,0
DA:134,0
DA:137,0
DA:142,0
DA:144,0
DA:146,0
DA:147,0
DA:158,0
DA:163,0
DA:171,0
DA:172,0
DA:173,0
DA:174,0
DA:175,0
DA:176,0
DA:177,0
DA:184,1
DA:186,0
DA:188,0
DA:195,0
DA:196,0
DA:197,0
DA:199,0
DA:204,0
DA:205,0
DA:206,0
DA:208,0
DA:213,0
DA:214,0
DA:215,0
DA:217,0
DA:222,0
DA:223,0
DA:251,0
DA:252,0
DA:253,0
DA:254,0
DA:255,0
DA:256,0
DA:257,0
DA:258,0
DA:259,0
DA:260,0
DA:261,0
DA:262,0
DA:263,0
DA:267,0
DA:270,0
DA:271,0
DA:272,0
DA:275,0
DA:276,0
DA:277,0
DA:278,0
DA:279,0
DA:280,0
DA:281,0
DA:282,0
DA:283,0
DA:286,0
DA:293,0
DA:294,0
DA:301,0
DA:302,0
DA:303,0
DA:304,0
DA:312,0
DA:313,0
DA:323,0
DA:324,0
DA:325,0
DA:326,0
DA:327,0
DA:328,0
DA:329,0
DA:330,0
DA:332,0
DA:334,0
DA:342,0
DA:343,0
DA:345,0
DA:383,0
DA:385,0
DA:387,0
DA:391,0
DA:394,0
DA:395,0
DA:396,0
DA:397,0
DA:399,0
DA:401,0
DA:402,0
DA:403,0
DA:407,0
DA:409,0
DA:411,0
DA:413,0
DA:414,0
DA:415,0
DA:416,0
DA:422,0
DA:423,0
DA:434,0
DA:435,0
DA:441,0
DA:442,0
DA:443,0
DA:446,0
DA:449,0
DA:450,0
DA:451,0
DA:454,0
DA:455,0
DA:456,0
DA:457,0
DA:458,0
DA:460,0
DA:461,0
DA:465,0
DA:467,0
DA:468,0
DA:469,0
DA:473,0
DA:475,0
DA:477,0
DA:478,0
DA:479,0
DA:480,0
DA:483,0
DA:484,0
DA:486,0
DA:489,0
DA:490,0
DA:491,0
DA:493,0
DA:500,0
DA:501,0
DA:502,0
DA:504,0
DA:563,0
DA:564,0
DA:565,0
DA:566,0
DA:573,0
DA:574,0
DA:577,0
DA:578,0
DA:588,0
DA:590,0
DA:591,0
DA:592,0
DA:596,0
DA:598,0
DA:600,0
DA:601,0
DA:602,0
DA:603,0
DA:604,0
DA:606,0
DA:607,0
DA:609,0
DA:612,0
DA:613,0
DA:615,0
DA:617,0
DA:619,0
DA:620,0
DA:621,0
DA:623,0
DA:624,0
DA:630,0
DA:631,0
DA:638,0
DA:639,0
DA:641,0
DA:643,0
DA:644,0
DA:645,0
DA:646,0
DA:647,0
DA:648,0
DA:649,0
DA:650,0
DA:652,0
DA:654,0
DA:655,0
DA:658,0
DA:660,0
DA:661,0
DA:663,0
DA:664,0
DA:665,0
DA:666,0
DA:667,0
DA:670,0
DA:671,0
DA:672,0
DA:679,0
DA:681,0
DA:682,0
DA:685,0
DA:687,0
DA:688,0
DA:690,0
DA:691,0
DA:692,0
DA:693,0
DA:694,0
DA:697,0
DA:698,0
DA:699,0
DA:706,0
DA:709,0
DA:710,0
DA:713,0
DA:714,0
DA:715,0
DA:731,0
DA:734,0
DA:735,0
DA:736,0
DA:746,0
DA:747,0
DA:749,0
DA:751,0
LF:274
LH:1
end_of_record
SF:lib\widgets\userWidget.dart
DA:6,1
DA:8,0
DA:9,0
DA:17,0
DA:19,0
DA:20,0
DA:21,0
DA:23,0
DA:25,0
DA:28,0
DA:30,0
DA:31,0
DA:33,0
DA:36,0
DA:37,0
DA:38,0
DA:39,0
DA:43,0
DA:47,0
DA:48,0
DA:49,0
DA:58,0
DA:59,0
DA:67,0
DA:68,0
DA:69,0
DA:71,0
LF:27
LH:1
end_of_record
SF:lib\service\user.dart
DA:8,0
DA:11,0
DA:16,0
DA:21,0
LF:4
LH:0
end_of_record
SF:lib\widgets\CourseInfoDialog.dart
DA:18,0
DA:24,0
DA:25,0
DA:36,0
DA:38,0
DA:39,0
DA:40,0
DA:41,0
DA:42,0
DA:49,0
DA:50,0
DA:51,0
DA:53,0
DA:55,0
DA:56,0
DA:57,0
DA:58,0
DA:59,0
DA:61,0
DA:63,0
DA:64,0
DA:65,0
DA:67,0
DA:69,0
DA:71,0
DA:73,0
DA:76,0
DA:82,0
DA:83,0
DA:84,0
DA:85,0
DA:87,0
DA:88,0
DA:89,0
DA:90,0
DA:98,0
DA:99,0
DA:100,0
DA:101,0
DA:114,0
DA:115,0
DA:116,0
DA:117,0
DA:119,0
DA:121,0
DA:122,0
DA:123,0
DA:124,0
DA:125,0
DA:126,0
DA:128,0
DA:129,0
DA:132,0
DA:135,0
DA:138,0
DA:144,0
DA:146,0
DA:147,0
DA:148,0
DA:152,0
DA:153,0
DA:154,0
DA:170,0
DA:171,0
DA:172,0
DA:173,0
DA:174,0
DA:175,0
DA:176,0
DA:177,0
DA:179,0
DA:183,0
DA:184,0
DA:185,0
DA:189,0
DA:190,0
DA:191,0
DA:192,0
DA:194,0
DA:195,0
DA:198,0
DA:199,0
DA:200,0
DA:203,0
DA:207,0
DA:208,0
DA:210,0
DA:211,0
DA:213,0
DA:214,0
DA:215,0
DA:218,0
DA:229,0
DA:230,0
DA:232,0
DA:238,0
DA:239,0
DA:249,0
DA:251,0
DA:253,0
DA:254,0
DA:255,0
DA:256,0
DA:257,0
DA:259,0
DA:260,0
DA:263,0
DA:266,0
DA:268,0
DA:270,0
DA:271,0
DA:272,0
DA:275,0
DA:278,0
DA:280,0
DA:282,0
DA:283,0
DA:284,0
DA:287,0
DA:290,0
DA:292,0
DA:294,0
DA:295,0
DA:296,0
DA:299,0
DA:302,0
DA:304,0
DA:306,0
DA:307,0
DA:308,0
DA:309,0
DA:310,0
DA:312,0
DA:317,0
DA:318,0
DA:319,0
DA:321,0
DA:323,0
DA:327,0
DA:331,0
DA:333,0
DA:339,0
DA:340,0
DA:342,0
DA:343,0
DA:344,0
DA:345,0
DA:347,0
DA:348,0
DA:350,0
DA:351,0
DA:357,0
DA:358,0
DA:359,0
DA:361,0
DA:362,0
DA:365,0
DA:366,0
DA:368,0
DA:369,0
DA:372,0
DA:373,0
DA:374,0
DA:376,0
DA:377,0
DA:378,0
DA:379,0
DA:388,0
DA:389,0
DA:393,0
DA:395,0
DA:397,0
DA:398,0
DA:399,0
DA:400,0
DA:401,0
DA:402,0
DA:403,0
DA:404,0
DA:405,0
DA:406,0
DA:407,0
DA:408,0
DA:410,0
DA:416,0
DA:418,0
DA:419,0
DA:420,0
LF:188
LH:0
end_of_record
SF:lib\widgets\addCourseForm.dart
DA:11,0
DA:12,0
DA:25,0
DA:26,0
DA:27,0
DA:29,0
DA:31,0
DA:32,0
DA:33,0
DA:34,0
DA:35,0
DA:37,0
DA:39,0
DA:41,0
DA:47,0
DA:48,0
DA:49,0
DA:50,0
DA:52,0
DA:53,0
DA:54,0
DA:55,0
DA:63,0
DA:64,0
DA:65,0
DA:66,0
DA:79,0
DA:80,0
DA:81,0
DA:82,0
DA:84,0
DA:86,0
DA:87,0
DA:88,0
DA:89,0
DA:90,0
DA:91,0
DA:93,0
DA:94,0
DA:97,0
DA:100,0
DA:103,0
DA:109,0
DA:111,0
DA:112,0
DA:113,0
DA:117,0
DA:118,0
DA:119,0
DA:135,0
DA:136,0
DA:137,0
DA:138,0
DA:139,0
DA:140,0
DA:141,0
DA:143,0
DA:146,0
DA:147,0
DA:148,0
DA:152,0
DA:153,0
DA:154,0
DA:155,0
DA:157,0
DA:160,0
DA:161,0
DA:162,0
DA:165,0
DA:169,0
DA:170,0
DA:172,0
DA:174,0
DA:175,0
DA:176,0
DA:179,0
DA:189,0
DA:191,0
DA:192,0
DA:193,0
DA:194,0
DA:195,0
DA:199,0
DA:200,0
DA:202,0
DA:208,0
DA:209,0
DA:218,0
DA:219,0
DA:221,0
DA:222,0
DA:223,0
DA:225,0
DA:226,0
DA:235,0
DA:238,0
DA:239,0
DA:241,0
DA:242,0
DA:243,0
DA:244,0
DA:245,0
DA:246,0
DA:247,0
DA:248,0
DA:257,0
DA:259,0
DA:260,0
DA:261,0
DA:262,0
DA:263,0
DA:267,0
DA:271,0
DA:273,0
DA:277,0
DA:281,0
DA:282,0
DA:283,0
DA:284,0
DA:286,0
DA:287,0
DA:289,0
DA:290,0
DA:295,0
DA:296,0
DA:298,0
DA:299,0
DA:304,0
DA:311,0
DA:312,0
DA:313,0
DA:315,0
DA:321,0
DA:322,0
DA:323,0
DA:324,0
DA:325,0
DA:326,0
DA:327,0
DA:328,0
DA:329,0
DA:331,0
DA:332,0
DA:333,0
DA:337,0
DA:344,0
DA:346,0
DA:348,0
DA:353,0
DA:354,0
DA:355,0
DA:356,0
DA:358,0
DA:359,0
DA:360,0
DA:361,0
DA:362,0
DA:363,0
DA:364,0
DA:368,0
DA:370,0
DA:371,0
DA:373,0
DA:374,0
DA:375,0
DA:376,0
DA:377,0
DA:378,0
DA:379,0
DA:380,0
DA:381,0
DA:382,0
DA:383,0
DA:384,0
DA:385,0
DA:386,0
DA:387,0
DA:390,0
DA:392,0
DA:393,0
LF:180
LH:0
end_of_record
